2022-01-05 11:21:32,388 [Worker-4: Loading available Gradle versions] INFO  o.e.b.c.i.u.g.PublishedGradleVersions - Gradle version information cache is up-to-date. Trying to read.
2022-01-05 11:26:49,326 [Worker-20: Importing Maven projects] INFO  o.e.m.c.i.l.LifecycleMappingFactory - Using org.eclipse.m2e.jdt.JarLifecycleMapping lifecycle mapping for MavenProject: com.turreta.springevent:com-turreta-springevent:0.0.1-SNAPSHOT @ D:\Sample Programs\Phase3\Spring-Custom-Application-Events\pom.xml.
2022-01-05 11:26:49,904 [Worker-20: Importing Maven projects] INFO  o.e.m.j.i.AbstractJavaProjectConfigurator - Adding source folder /com-turreta-springevent/src/main/java
2022-01-05 11:26:49,905 [Worker-20: Importing Maven projects] INFO  o.e.m.j.i.AbstractJavaProjectConfigurator - Adding source folder /com-turreta-springevent/src/test/java
2022-01-05 11:26:50,098 [Worker-20: Importing Maven projects] INFO  o.e.m.c.i.p.ProjectConfigurationManager - Imported and configured 1 project(s) in 1 sec
2022-01-05 11:26:51,520 [Worker-25: Building] INFO  o.e.m.c.i.embedder.EclipseLogger - Using 'UTF-8' encoding to copy filtered resources.
2022-01-05 11:26:51,521 [Worker-25: Building] INFO  o.e.m.c.i.embedder.EclipseLogger - skip non existing resourceDirectory D:\Sample Programs\Phase3\Spring-Custom-Application-Events\src\main\resources
2022-01-05 11:26:51,521 [Worker-25: Building] INFO  o.e.m.c.i.embedder.EclipseLogger - skip non existing resourceDirectory D:\Sample Programs\Phase3\Spring-Custom-Application-Events\src\main\resources
2022-01-05 11:26:51,525 [Worker-25: Building] INFO  o.e.m.c.i.embedder.EclipseLogger - Using 'UTF-8' encoding to copy filtered resources.
2022-01-05 11:26:51,525 [Worker-25: Building] INFO  o.e.m.c.i.embedder.EclipseLogger - skip non existing resourceDirectory D:\Sample Programs\Phase3\Spring-Custom-Application-Events\src\test\resources
2022-01-05 11:27:01,775 [Worker-23: Updating Maven Project] INFO  o.e.m.c.i.p.ProjectConfigurationManager - Update started
2022-01-05 11:27:02,222 [Worker-23: Updating Maven Project] INFO  o.e.m.c.i.l.LifecycleMappingFactory - Using org.eclipse.m2e.jdt.JarLifecycleMapping lifecycle mapping for MavenProject: com.turreta.springevent:com-turreta-springevent:0.0.1-SNAPSHOT @ D:\Sample Programs\Phase3\Spring-Custom-Application-Events\pom.xml.
2022-01-05 11:27:02,548 [Worker-23: Updating Maven Project] INFO  o.e.m.j.i.AbstractJavaProjectConfigurator - Adding source folder /com-turreta-springevent/src/main/java
2022-01-05 11:27:02,549 [Worker-23: Updating Maven Project] INFO  o.e.m.j.i.AbstractJavaProjectConfigurator - Adding source folder /com-turreta-springevent/src/test/java
2022-01-05 11:27:02,702 [Worker-23: Updating Maven Project] INFO  o.e.m.c.i.p.ProjectConfigurationManager - Update completed: 0 sec
2022-01-05 11:27:03,048 [Worker-9: Building] INFO  o.e.m.c.i.embedder.EclipseLogger - Using 'UTF-8' encoding to copy filtered resources.
2022-01-05 11:27:03,048 [Worker-9: Building] INFO  o.e.m.c.i.embedder.EclipseLogger - skip non existing resourceDirectory D:\Sample Programs\Phase3\Spring-Custom-Application-Events\src\main\resources
2022-01-05 11:27:03,048 [Worker-9: Building] INFO  o.e.m.c.i.embedder.EclipseLogger - skip non existing resourceDirectory D:\Sample Programs\Phase3\Spring-Custom-Application-Events\src\main\resources
2022-01-05 11:27:03,051 [Worker-9: Building] INFO  o.e.m.c.i.embedder.EclipseLogger - Using 'UTF-8' encoding to copy filtered resources.
2022-01-05 11:27:03,051 [Worker-9: Building] INFO  o.e.m.c.i.embedder.EclipseLogger - skip non existing resourceDirectory D:\Sample Programs\Phase3\Spring-Custom-Application-Events\src\test\resources
2022-01-05 11:27:22,792 [Worker-22: Launching Executing clean in D__Sample Programs_Phase3_Spring-Custom-Application-Events] INFO  o.e.m.i.launch.MavenLaunchDelegate - D:\Sample Programs\Phase3\Spring-Custom-Application-Events
2022-01-05 11:27:22,793 [Worker-22: Launching Executing clean in D__Sample Programs_Phase3_Spring-Custom-Application-Events] INFO  o.e.m.i.launch.MavenLaunchDelegate -  mvn -B clean
2022-01-05 11:27:24,836 [Worker-19: Building] INFO  o.e.m.c.i.embedder.EclipseLogger - Using 'UTF-8' encoding to copy filtered resources.
2022-01-05 11:27:24,837 [Worker-19: Building] INFO  o.e.m.c.i.embedder.EclipseLogger - skip non existing resourceDirectory D:\Sample Programs\Phase3\Spring-Custom-Application-Events\src\main\resources
2022-01-05 11:27:24,838 [Worker-19: Building] INFO  o.e.m.c.i.embedder.EclipseLogger - skip non existing resourceDirectory D:\Sample Programs\Phase3\Spring-Custom-Application-Events\src\main\resources
2022-01-05 11:27:24,838 [Worker-19: Building] INFO  o.e.m.c.i.embedder.EclipseLogger - Using 'UTF-8' encoding to copy filtered resources.
2022-01-05 11:27:24,838 [Worker-19: Building] INFO  o.e.m.c.i.embedder.EclipseLogger - skip non existing resourceDirectory D:\Sample Programs\Phase3\Spring-Custom-Application-Events\src\test\resources
2022-01-05 11:27:32,002 [Worker-21: Launching Executing install in D__Sample Programs_Phase3_Spring-Custom-Application-Events] INFO  o.e.m.i.launch.MavenLaunchDelegate - D:\Sample Programs\Phase3\Spring-Custom-Application-Events
2022-01-05 11:27:32,002 [Worker-21: Launching Executing install in D__Sample Programs_Phase3_Spring-Custom-Application-Events] INFO  o.e.m.i.launch.MavenLaunchDelegate -  mvn -B install
2022-01-05 11:31:12,328 [Worker-21: Building] INFO  o.e.m.c.i.l.LifecycleMappingFactory - Using org.eclipse.m2e.jdt.JarLifecycleMapping lifecycle mapping for MavenProject: com.turreta.springevent:com-turreta-springevent:0.0.1-SNAPSHOT @ D:\Sample Programs\Phase3\Spring-Custom-Application-Events\pom.xml.
2022-01-05 11:31:12,766 [Worker-21: Building] INFO  o.e.m.c.i.embedder.EclipseLogger - Using 'UTF-8' encoding to copy filtered resources.
2022-01-05 11:31:12,766 [Worker-21: Building] INFO  o.e.m.c.i.embedder.EclipseLogger - skip non existing resourceDirectory D:\Sample Programs\Phase3\Spring-Custom-Application-Events\src\main\resources
2022-01-05 11:31:12,767 [Worker-21: Building] INFO  o.e.m.c.i.embedder.EclipseLogger - skip non existing resourceDirectory D:\Sample Programs\Phase3\Spring-Custom-Application-Events\src\main\resources
2022-01-05 11:31:12,770 [Worker-21: Building] INFO  o.e.m.c.i.embedder.EclipseLogger - Using 'UTF-8' encoding to copy filtered resources.
2022-01-05 11:31:12,772 [Worker-21: Building] INFO  o.e.m.c.i.embedder.EclipseLogger - skip non existing resourceDirectory D:\Sample Programs\Phase3\Spring-Custom-Application-Events\src\test\resources
2022-01-05 11:31:14,529 [Worker-19: Building] INFO  o.e.m.c.i.embedder.EclipseLogger - Using 'UTF-8' encoding to copy filtered resources.
2022-01-05 11:31:14,529 [Worker-19: Building] INFO  o.e.m.c.i.embedder.EclipseLogger - skip non existing resourceDirectory D:\Sample Programs\Phase3\Spring-Custom-Application-Events\src\main\resources
2022-01-05 11:31:14,529 [Worker-19: Building] INFO  o.e.m.c.i.embedder.EclipseLogger - skip non existing resourceDirectory D:\Sample Programs\Phase3\Spring-Custom-Application-Events\src\main\resources
2022-01-05 11:31:14,532 [Worker-19: Building] INFO  o.e.m.c.i.embedder.EclipseLogger - Using 'UTF-8' encoding to copy filtered resources.
2022-01-05 11:31:14,532 [Worker-19: Building] INFO  o.e.m.c.i.embedder.EclipseLogger - skip non existing resourceDirectory D:\Sample Programs\Phase3\Spring-Custom-Application-Events\src\test\resources
2022-01-05 11:31:17,605 [Worker-21: Building] INFO  o.e.m.c.i.embedder.EclipseLogger - Using 'UTF-8' encoding to copy filtered resources.
2022-01-05 11:31:17,605 [Worker-21: Building] INFO  o.e.m.c.i.embedder.EclipseLogger - skip non existing resourceDirectory D:\Sample Programs\Phase3\Spring-Custom-Application-Events\src\main\resources
2022-01-05 11:31:17,606 [Worker-21: Building] INFO  o.e.m.c.i.embedder.EclipseLogger - skip non existing resourceDirectory D:\Sample Programs\Phase3\Spring-Custom-Application-Events\src\main\resources
2022-01-05 11:31:17,607 [Worker-21: Building] INFO  o.e.m.c.i.embedder.EclipseLogger - Using 'UTF-8' encoding to copy filtered resources.
2022-01-05 11:31:17,607 [Worker-21: Building] INFO  o.e.m.c.i.embedder.EclipseLogger - skip non existing resourceDirectory D:\Sample Programs\Phase3\Spring-Custom-Application-Events\src\test\resources
2022-01-05 11:31:36,706 [Worker-19: Building] INFO  o.e.m.c.i.embedder.EclipseLogger - Using 'UTF-8' encoding to copy filtered resources.
2022-01-05 11:31:36,706 [Worker-19: Building] INFO  o.e.m.c.i.embedder.EclipseLogger - skip non existing resourceDirectory D:\Sample Programs\Phase3\Spring-Custom-Application-Events\src\main\resources
2022-01-05 11:31:36,707 [Worker-19: Building] INFO  o.e.m.c.i.embedder.EclipseLogger - skip non existing resourceDirectory D:\Sample Programs\Phase3\Spring-Custom-Application-Events\src\main\resources
2022-01-05 11:31:36,709 [Worker-19: Building] INFO  o.e.m.c.i.embedder.EclipseLogger - Using 'UTF-8' encoding to copy filtered resources.
2022-01-05 11:31:36,709 [Worker-19: Building] INFO  o.e.m.c.i.embedder.EclipseLogger - skip non existing resourceDirectory D:\Sample Programs\Phase3\Spring-Custom-Application-Events\src\test\resources
2022-01-05 11:31:49,825 [Worker-19: Building] INFO  o.e.m.c.i.embedder.EclipseLogger - Using 'UTF-8' encoding to copy filtered resources.
2022-01-05 11:31:49,826 [Worker-19: Building] INFO  o.e.m.c.i.embedder.EclipseLogger - skip non existing resourceDirectory D:\Sample Programs\Phase3\Spring-Custom-Application-Events\src\main\resources
2022-01-05 11:31:49,826 [Worker-19: Building] INFO  o.e.m.c.i.embedder.EclipseLogger - skip non existing resourceDirectory D:\Sample Programs\Phase3\Spring-Custom-Application-Events\src\main\resources
2022-01-05 11:31:49,827 [Worker-19: Building] INFO  o.e.m.c.i.embedder.EclipseLogger - Using 'UTF-8' encoding to copy filtered resources.
2022-01-05 11:31:49,827 [Worker-19: Building] INFO  o.e.m.c.i.embedder.EclipseLogger - skip non existing resourceDirectory D:\Sample Programs\Phase3\Spring-Custom-Application-Events\src\test\resources
2022-01-05 11:32:04,660 [Worker-28: Updating Maven Project] INFO  o.e.m.c.i.p.ProjectConfigurationManager - Update started
2022-01-05 11:32:05,016 [Worker-28: Updating Maven Project] INFO  o.e.m.c.i.l.LifecycleMappingFactory - Using org.eclipse.m2e.jdt.JarLifecycleMapping lifecycle mapping for MavenProject: com.turreta.springevent:com-turreta-springevent:0.0.1-SNAPSHOT @ D:\Sample Programs\Phase3\Spring-Custom-Application-Events\pom.xml.
2022-01-05 11:32:05,236 [Worker-28: Updating Maven Project] INFO  o.e.m.j.i.AbstractJavaProjectConfigurator - Adding source folder /com-turreta-springevent/src/main/java
2022-01-05 11:32:05,237 [Worker-28: Updating Maven Project] INFO  o.e.m.j.i.AbstractJavaProjectConfigurator - Adding source folder /com-turreta-springevent/src/test/java
2022-01-05 11:32:05,367 [Worker-28: Updating Maven Project] INFO  o.e.m.c.i.p.ProjectConfigurationManager - Update completed: 0 sec
2022-01-05 11:32:05,812 [Worker-27: Building] INFO  o.e.m.c.i.embedder.EclipseLogger - Using 'UTF-8' encoding to copy filtered resources.
2022-01-05 11:32:05,813 [Worker-27: Building] INFO  o.e.m.c.i.embedder.EclipseLogger - skip non existing resourceDirectory D:\Sample Programs\Phase3\Spring-Custom-Application-Events\src\main\resources
2022-01-05 11:32:05,813 [Worker-27: Building] INFO  o.e.m.c.i.embedder.EclipseLogger - skip non existing resourceDirectory D:\Sample Programs\Phase3\Spring-Custom-Application-Events\src\main\resources
2022-01-05 11:32:05,816 [Worker-27: Building] INFO  o.e.m.c.i.embedder.EclipseLogger - Using 'UTF-8' encoding to copy filtered resources.
2022-01-05 11:32:05,816 [Worker-27: Building] INFO  o.e.m.c.i.embedder.EclipseLogger - skip non existing resourceDirectory D:\Sample Programs\Phase3\Spring-Custom-Application-Events\src\test\resources
2022-01-05 11:32:16,820 [Worker-27: Launching Executing clean in D__Sample Programs_Phase3_Spring-Custom-Application-Events] INFO  o.e.m.i.launch.MavenLaunchDelegate - D:\Sample Programs\Phase3\Spring-Custom-Application-Events
2022-01-05 11:32:16,820 [Worker-27: Launching Executing clean in D__Sample Programs_Phase3_Spring-Custom-Application-Events] INFO  o.e.m.i.launch.MavenLaunchDelegate -  mvn -B clean
2022-01-05 11:32:19,307 [Worker-29: Building] INFO  o.e.m.c.i.embedder.EclipseLogger - Using 'UTF-8' encoding to copy filtered resources.
2022-01-05 11:32:19,307 [Worker-29: Building] INFO  o.e.m.c.i.embedder.EclipseLogger - skip non existing resourceDirectory D:\Sample Programs\Phase3\Spring-Custom-Application-Events\src\main\resources
2022-01-05 11:32:19,307 [Worker-29: Building] INFO  o.e.m.c.i.embedder.EclipseLogger - skip non existing resourceDirectory D:\Sample Programs\Phase3\Spring-Custom-Application-Events\src\main\resources
2022-01-05 11:32:19,310 [Worker-29: Building] INFO  o.e.m.c.i.embedder.EclipseLogger - Using 'UTF-8' encoding to copy filtered resources.
2022-01-05 11:32:19,311 [Worker-29: Building] INFO  o.e.m.c.i.embedder.EclipseLogger - skip non existing resourceDirectory D:\Sample Programs\Phase3\Spring-Custom-Application-Events\src\test\resources
2022-01-05 11:32:29,948 [Worker-21: Launching Executing install in D__Sample Programs_Phase3_Spring-Custom-Application-Events] INFO  o.e.m.i.launch.MavenLaunchDelegate - D:\Sample Programs\Phase3\Spring-Custom-Application-Events
2022-01-05 11:32:29,948 [Worker-21: Launching Executing install in D__Sample Programs_Phase3_Spring-Custom-Application-Events] INFO  o.e.m.i.launch.MavenLaunchDelegate -  mvn -B install
2022-01-05 11:33:21,327 [Worker-27: Building] INFO  o.e.m.c.i.embedder.EclipseLogger - Using 'UTF-8' encoding to copy filtered resources.
2022-01-05 11:33:21,327 [Worker-27: Building] INFO  o.e.m.c.i.embedder.EclipseLogger - skip non existing resourceDirectory D:\Sample Programs\Phase3\Spring-Custom-Application-Events\src\main\resources
2022-01-05 11:33:21,327 [Worker-27: Building] INFO  o.e.m.c.i.embedder.EclipseLogger - skip non existing resourceDirectory D:\Sample Programs\Phase3\Spring-Custom-Application-Events\src\main\resources
2022-01-05 11:33:21,328 [Worker-27: Building] INFO  o.e.m.c.i.embedder.EclipseLogger - Using 'UTF-8' encoding to copy filtered resources.
2022-01-05 11:33:21,329 [Worker-27: Building] INFO  o.e.m.c.i.embedder.EclipseLogger - skip non existing resourceDirectory D:\Sample Programs\Phase3\Spring-Custom-Application-Events\src\test\resources
2022-01-05 11:59:43,092 [Worker-1: Loading available Gradle versions] INFO  o.e.b.c.i.u.g.PublishedGradleVersions - Gradle version information cache is up-to-date. Trying to read.
2022-01-05 12:08:07,813 [Worker-21: Building] INFO  o.e.m.c.i.l.LifecycleMappingFactory - Using org.eclipse.m2e.jdt.JarLifecycleMapping lifecycle mapping for MavenProject: com.turreta.springevent:com-turreta-springevent:0.0.1-SNAPSHOT @ D:\Sample Programs\Phase3\Spring-Custom-Application-Events\pom.xml.
